2026-06-13 23:20:59,865::__main__::INFO::downloading The AML Code 2019
2026-06-13 23:21:02,234::__main__::INFO::Loading The AML Code 2019 to md
2026-06-13 23:21:12,325::__main__::INFO::Extraction to md complete.
2026-06-13 23:21:12,325::extraction_ops.chunking::INFO::chunking The AML Code 2019
2026-06-13 23:21:12,325::extraction_ops.chunking::INFO::definition section removed
2026-06-13 23:21:12,327::extraction_ops.chunking::INFO::initial chunk count: 43
2026-06-13 23:21:12,327::extraction_ops.chunking::WARNING::unsplitable chunk oversized at 1756 chars
2026-06-13 23:21:12,327::extraction_ops.chunking::WARNING::unsplitable chunk oversized at 2983 chars
2026-06-13 23:21:12,328::extraction_ops.chunking::INFO::No chunks were merged
2026-06-13 23:21:12,328::extraction_ops.chunking::INFO::1 chunks removed by length
2026-06-13 23:21:12,328::__main__::INFO::80 normalised chunks
2026-06-13 23:21:12,328::extraction_ops.definitions::INFO::loading definitions from The AML Code 2019
2026-06-13 23:21:12,328::extraction_ops.definitions::WARNING::unexpected def_line shape, 9 segments found: |- **"financing of terrorism"** includes the financing of proliferation and is to be construed in accordance with the definitions of **"financing"** , **"terrorism"** and **"proliferation"** in section 3 of the Terrorism and Other Crime (Financial Restrictions) Act 2014;|
2026-06-13 23:21:12,332::extraction_ops.definitions::INFO::69 definitions formatted.
2026-06-13 23:21:12,332::extraction_ops.definitions::INFO::Attaching definitions to chunks
2026-06-13 23:21:13,107::extraction_ops.definitions::INFO::Definitions attached
2026-06-13 23:21:13,107::__main__::INFO::downloading The AML Handbook (April 2026)
2026-06-13 23:21:13,287::__main__::INFO::Loading The AML Handbook (April 2026) to md
2026-06-13 23:21:13,385::__main__::INFO::Extraction to md complete.
2026-06-13 23:21:13,385::extraction_ops.chunking::INFO::chunking The AML Handbook (April 2026)
2026-06-13 23:21:13,386::extraction_ops.chunking::INFO::initial chunk count: 0
2026-06-13 23:21:13,386::extraction_ops.chunking::INFO::No chunks were merged
2026-06-13 23:21:13,386::extraction_ops.chunking::INFO::0 chunks removed by length
2026-06-13 23:21:13,386::__main__::INFO::0 normalised chunks
2026-06-13 23:21:13,389::__main__::INFO::80 chunks written to /home/cameron/workspaces/manx-reg-rag/data/processed/chunks.jsonl
2026-06-13 23:21:13,390::__main__::INFO::69 definitions written to /home/cameron/workspaces/manx-reg-rag/data/processed/definitions.json
2026-06-13 23:27:28,025::__main__::INFO::downloading [The AML Code 2019]
2026-06-13 23:27:30,739::__main__::INFO::Loading The AML Code 2019 to md
2026-06-13 23:27:40,818::__main__::INFO::Extraction to md complete.
2026-06-13 23:27:40,818::extraction_ops.chunking::INFO::chunking [The AML Code 2019]
2026-06-13 23:27:40,819::extraction_ops.chunking::INFO::definition section removed
2026-06-13 23:27:40,820::extraction_ops.chunking::INFO::initial chunk count: [43]
2026-06-13 23:27:40,820::extraction_ops.chunking::WARNING::unsplitable chunk oversized at [1756] chars
2026-06-13 23:27:40,821::extraction_ops.chunking::WARNING::unsplitable chunk oversized at [2983] chars
2026-06-13 23:27:40,821::extraction_ops.chunking::INFO::No chunks were merged
2026-06-13 23:27:40,821::extraction_ops.chunking::INFO::[1] chunks removed by length
2026-06-13 23:27:40,821::__main__::INFO::[80] normalised chunks
2026-06-13 23:27:40,821::extraction_ops.definitions::INFO::loading definitions from [The AML Code 2019]
2026-06-13 23:27:40,821::extraction_ops.definitions::WARNING::unexpected def_line shape, 9 segments found: [- **"financing of terrorism"** includes the financing of proliferation and is to be construed in accordance with the definitions of **"financing"** , **"terrorism"** and **"proliferation"** in section 3 of the Terrorism and Other Crime (Financial Restrictions) Act 2014;]
2026-06-13 23:27:40,824::extraction_ops.definitions::INFO::[69] definitions formatted.
2026-06-13 23:27:40,824::extraction_ops.definitions::INFO::Attaching definitions to chunks
2026-06-13 23:27:41,689::extraction_ops.definitions::INFO::Definitions attached
2026-06-13 23:27:41,689::__main__::INFO::downloading [The AML Handbook (April 2026)]
2026-06-13 23:27:41,914::__main__::INFO::Loading The AML Handbook (April 2026) to md
2026-06-13 23:27:42,025::__main__::INFO::Extraction to md complete.
2026-06-13 23:27:42,025::extraction_ops.chunking::INFO::chunking [The AML Handbook (April 2026)]
2026-06-13 23:27:42,025::extraction_ops.chunking::INFO::initial chunk count: [0]
2026-06-13 23:27:42,025::extraction_ops.chunking::INFO::No chunks were merged
2026-06-13 23:27:42,025::extraction_ops.chunking::INFO::[0] chunks removed by length
2026-06-13 23:27:42,025::__main__::INFO::[0] normalised chunks
2026-06-13 23:27:42,029::__main__::INFO::[80] chunks written to [/home/cameron/workspaces/manx-reg-rag/data/processed/chunks.jsonl]
2026-06-13 23:27:42,030::__main__::INFO::[69] definitions written to [/home/cameron/workspaces/manx-reg-rag/data/processed/definitions.json]
2026-06-13 23:28:22,890::__main__::INFO::downloading [The AML Code 2019]
2026-06-13 23:28:25,322::__main__::INFO::Loading [The AML Code 2019] to md
2026-06-13 23:28:35,369::__main__::INFO::Extraction to md complete.
2026-06-13 23:28:35,370::extraction_ops.chunking::INFO::chunking [The AML Code 2019]
2026-06-13 23:28:35,370::extraction_ops.chunking::INFO::definition section removed
2026-06-13 23:28:35,371::extraction_ops.chunking::INFO::initial chunk count: [43]
2026-06-13 23:28:35,371::extraction_ops.chunking::WARNING::unsplitable chunk oversized at [1756] chars
2026-06-13 23:28:35,372::extraction_ops.chunking::WARNING::unsplitable chunk oversized at [2983] chars
2026-06-13 23:28:35,372::extraction_ops.chunking::INFO::No chunks were merged
2026-06-13 23:28:35,372::extraction_ops.chunking::INFO::[1] chunks removed by length
2026-06-13 23:28:35,372::__main__::INFO::[80] normalised chunks
2026-06-13 23:28:35,372::extraction_ops.definitions::INFO::loading definitions from [The AML Code 2019]
2026-06-13 23:28:35,373::extraction_ops.definitions::WARNING::unexpected def_line shape, 9 segments found: [- **"financing of terrorism"** includes the financing of proliferation and is to be construed in accordance with the definitions of **"financing"** , **"terrorism"** and **"proliferation"** in section 3 of the Terrorism and Other Crime (Financial Restrictions) Act 2014;]
2026-06-13 23:28:35,375::extraction_ops.definitions::INFO::[69] definitions formatted.
2026-06-13 23:28:35,376::extraction_ops.definitions::INFO::Attaching definitions to chunks
2026-06-13 23:28:36,203::extraction_ops.definitions::INFO::Definitions attached
2026-06-13 23:28:36,203::__main__::INFO::downloading [The AML Handbook (April 2026)]
2026-06-13 23:28:36,410::__main__::INFO::Loading [The AML Handbook (April 2026)] to md
2026-06-13 23:28:36,518::__main__::INFO::Extraction to md complete.
2026-06-13 23:28:36,518::extraction_ops.chunking::INFO::chunking [The AML Handbook (April 2026)]
2026-06-13 23:28:36,518::extraction_ops.chunking::INFO::initial chunk count: [0]
2026-06-13 23:28:36,518::extraction_ops.chunking::INFO::No chunks were merged
2026-06-13 23:28:36,518::extraction_ops.chunking::INFO::[0] chunks removed by length
2026-06-13 23:28:36,518::__main__::INFO::[0] normalised chunks
2026-06-13 23:28:36,522::__main__::INFO::[80] chunks written to [/home/cameron/workspaces/manx-reg-rag/data/processed/chunks.jsonl]
2026-06-13 23:28:36,523::__main__::INFO::[69] definitions written to [/home/cameron/workspaces/manx-reg-rag/data/processed/definitions.json]
2026-06-13 23:46:02,544::__main__::INFO::downloading [The AML Code 2019]
2026-06-13 23:46:05,082::__main__::INFO::Loading [The AML Code 2019] to md
2026-06-13 23:46:15,263::__main__::INFO::Extraction to md complete.
2026-06-13 23:46:15,263::extraction_ops.chunking::INFO::chunking [The AML Code 2019]
2026-06-13 23:46:15,263::extraction_ops.chunking::INFO::definition section removed
2026-06-13 23:46:15,264::extraction_ops.chunking::INFO::initial chunk count: [43]
2026-06-13 23:46:15,265::extraction_ops.chunking::WARNING::unsplitable chunk oversized at [1756] chars
2026-06-13 23:46:15,265::extraction_ops.chunking::WARNING::unsplitable chunk oversized at [2983] chars
2026-06-13 23:46:15,265::extraction_ops.chunking::INFO::No chunks were merged
2026-06-13 23:46:15,266::extraction_ops.chunking::INFO::[1] chunks removed by length
2026-06-13 23:46:15,266::__main__::INFO::[80] normalised chunks
2026-06-13 23:46:15,266::extraction_ops.definitions::INFO::loading definitions from [The AML Code 2019]
2026-06-13 23:46:15,266::extraction_ops.definitions::WARNING::unexpected def_line shape, 9 segments found: [- **"financing of terrorism"** includes the financing of proliferation and is to be construed in accordance with the definitions of **"financing"** , **"terrorism"** and **"proliferation"** in section 3 of the Terrorism and Other Crime (Financial Restrictions) Act 2014;]
2026-06-13 23:46:15,268::extraction_ops.definitions::INFO::[69] definitions formatted.
2026-06-13 23:46:15,268::extraction_ops.definitions::INFO::Attaching definitions to chunks
2026-06-13 23:46:16,045::extraction_ops.definitions::INFO::Definitions attached
2026-06-13 23:46:16,046::__main__::INFO::downloading [The AML Handbook (April 2026)]
2026-06-13 23:46:16,224::__main__::CRITICAL::[The AML Handbook (April 2026)] did not return a pdf
2026-06-13 23:51:00,938::__main__::INFO::downloading [The AML Code 2019]
2026-06-13 23:51:03,365::__main__::INFO::Loading [The AML Code 2019] to md
2026-06-13 23:51:13,441::__main__::INFO::Extraction to md complete.
2026-06-13 23:51:13,442::extraction_ops.chunking::INFO::chunking [The AML Code 2019]
2026-06-13 23:51:13,442::extraction_ops.chunking::INFO::definition section removed
2026-06-13 23:51:13,443::extraction_ops.chunking::INFO::initial chunk count: [43]
2026-06-13 23:51:13,444::extraction_ops.chunking::WARNING::unsplitable chunk oversized at [1756] chars
2026-06-13 23:51:13,444::extraction_ops.chunking::WARNING::unsplitable chunk oversized at [2983] chars
2026-06-13 23:51:13,444::extraction_ops.chunking::INFO::No chunks were merged
2026-06-13 23:51:13,444::extraction_ops.chunking::INFO::[1] chunks removed by length
2026-06-13 23:51:13,444::__main__::INFO::[80] normalised chunks
2026-06-13 23:51:13,444::extraction_ops.definitions::INFO::loading definitions from [The AML Code 2019]
2026-06-13 23:51:13,445::extraction_ops.definitions::WARNING::unexpected def_line shape, 9 segments found: [- **"financing of terrorism"** includes the financing of proliferation and is to be construed in accordance with the definitions of **"financing"** , **"terrorism"** and **"proliferation"** in section 3 of the Terrorism and Other Crime (Financial Restrictions) Act 2014;]
2026-06-13 23:51:13,447::extraction_ops.definitions::INFO::[69] definitions formatted.
2026-06-13 23:51:13,447::extraction_ops.definitions::INFO::Attaching definitions to chunks
2026-06-13 23:51:14,249::extraction_ops.definitions::INFO::Definitions attached
2026-06-13 23:51:14,249::__main__::INFO::downloading [The AML Handbook (April 2026)]
2026-06-13 23:51:14,687::__main__::INFO::Loading [The AML Handbook (April 2026)] to md
2026-06-13 23:52:02,673::__main__::INFO::Extraction to md complete.
2026-06-13 23:52:02,673::extraction_ops.chunking::INFO::chunking [The AML Handbook (April 2026)]
2026-06-13 23:52:02,681::extraction_ops.chunking::INFO::initial chunk count: [186]
2026-06-13 23:52:02,682::extraction_ops.chunking::WARNING::unsplitable chunk oversized at [2299] chars
2026-06-13 23:52:02,682::extraction_ops.chunking::WARNING::unsplitable chunk oversized at [1607] chars
2026-06-13 23:52:02,683::extraction_ops.chunking::INFO::No chunks were merged
2026-06-13 23:52:02,684::extraction_ops.chunking::INFO::[3] chunks removed by length
2026-06-13 23:52:02,684::__main__::INFO::[391] normalised chunks
2026-06-13 23:52:02,691::__main__::INFO::[471] chunks written to [/home/cameron/workspaces/manx-reg-rag/data/processed/chunks.jsonl]
2026-06-13 23:52:02,692::__main__::INFO::[69] definitions written to [/home/cameron/workspaces/manx-reg-rag/data/processed/definitions.json]
